<?xml version="1.0" encoding="UTF-8"?>
<!-- Generated by org.testng.reporters.JUnitReportReporter -->
<testsuite hostname="LAPTOP-0KCN5936" failures="0" tests="3" name="org.pageexe.BasicFunctionality" time="0.007" errors="0" timestamp="27 Nov 2022 06:53:08 GMT" skipped="0">
  <testcase classname="org.pageexe.BasicFunctionality" name="method1" time="0.004"/>
  <testcase classname="org.pageexe.BasicFunctionality" name="methodA" time="0.002"/>
  <testcase classname="org.pageexe.BasicFunctionality" name="method" time="0.001"/>
</testsuite> <!-- org.pageexe.BasicFunctionality -->
