<?xml version="1.0" encoding="UTF-8"?>
<!-- Generated by org.testng.reporters.JUnitReportReporter -->
<testsuite hostname="LAPTOP-0KCN5936" failures="0" tests="3" name="org.pageexe.SampleNov" time="0.023" errors="0" timestamp="27 Nov 2022 07:14:56 GMT" skipped="0">
  <testcase classname="org.pageexe.SampleNov" name="test1" time="0.007"/>
  <testcase classname="org.pageexe.SampleNov" name="test3" time="0.012"/>
  <testcase classname="org.pageexe.SampleNov" name="test2" time="0.004"/>
</testsuite> <!-- org.pageexe.SampleNov -->
