<?xml version="1.0" encoding="UTF-8"?>
<!-- Generated by org.testng.reporters.JUnitReportReporter -->
<testsuite hostname="LAPTOP-0KCN5936" failures="0" tests="2" name="org.pageexe.groupexample" time="0.019" errors="0" timestamp="27 Nov 2022 07:36:58 GMT" skipped="0">
  <testcase classname="org.pageexe.groupexample" name="Pak" time="0.002"/>
  <testcase classname="org.pageexe.groupexample" name="Ind" time="0.017"/>
</testsuite> <!-- org.pageexe.groupexample -->
