<?xml version="1.0" encoding="UTF-8"?>
<!-- Generated by org.testng.reporters.JUnitReportReporter -->
<testsuite hostname="LAPTOP-0KCN5936" failures="0" tests="1" name="org.pageexe.ExecutionOrderNov" time="0.006" errors="0" timestamp="27 Nov 2022 06:53:08 GMT" skipped="0">
  <testcase classname="org.pageexe.ExecutionOrderNov" name="test" time="0.006"/>
</testsuite> <!-- org.pageexe.ExecutionOrderNov -->
