<?xml version="1.0" encoding="UTF-8"?>
<!-- Generated by org.testng.reporters.JUnitReportReporter -->
<testsuite hostname="LAPTOP-0KCN5936" failures="0" tests="10" name="org.pageexe.Sample2" time="10.090" errors="0" timestamp="27 Nov 2022 07:29:22 GMT" skipped="0">
  <testcase classname="org.pageexe.Sample2" name="novbatch" time="1.013"/>
  <testcase classname="org.pageexe.Sample2" name="novbatch" time="1.010"/>
  <testcase classname="org.pageexe.Sample2" name="novbatch" time="1.013"/>
  <testcase classname="org.pageexe.Sample2" name="novbatch" time="1.004"/>
  <testcase classname="org.pageexe.Sample2" name="novbatch" time="1.004"/>
  <testcase classname="org.pageexe.Sample2" name="novbatch" time="1.010"/>
  <testcase classname="org.pageexe.Sample2" name="novbatch" time="1.006"/>
  <testcase classname="org.pageexe.Sample2" name="novbatch" time="1.010"/>
  <testcase classname="org.pageexe.Sample2" name="novbatch" time="1.010"/>
  <testcase classname="org.pageexe.Sample2" name="novbatch" time="1.010"/>
</testsuite> <!-- org.pageexe.Sample2 -->
